This is XeTeX, Version 3.14159265-2.6-0.99996 (MiKTeX 2.9 64-bit) (preloaded format=xelatex 2017.1.4)  30 NOV 2017 12:19
entering extended mode
**./anintro_chnosz.tex
(anintro_chnosz.tex
LaTeX2e <2016/03/31> patch level 3
Babel <3.9r> and hyphenation patterns for 75 language(s) loaded.
("C:\Program Files\MiKTeX 2.9\tex\latex\tufte-latex\tufte-handout.cls"
Document Class: tufte-handout 2015/06/21 v3.5.2 Tufte-handout class
("C:\Program Files\MiKTeX 2.9\tex\latex\tufte-latex\tufte-common.def"
File: tufte-common.def 2015/06/21 v3.5.2 Common code for the Tufte-LaTeX styles

("C:\Program Files\MiKTeX 2.9\tex\latex\xkeyval\xkeyval.sty"
Package: xkeyval 2014/12/03 v2.7a package option processing (HA)
("C:\Program Files\MiKTeX 2.9\tex\generic\xkeyval\xkeyval.tex" ("C:\Program Fil
es\MiKTeX 2.9\tex\generic\xkeyval\xkvutils.tex"
\XKV@toks=\toks14
\XKV@tempa@toks=\toks15
("C:\Program Files\MiKTeX 2.9\tex\generic\xkeyval\keyval.tex"))
\XKV@depth=\count79
File: xkeyval.tex 2014/12/03 v2.7a key=value parser (HA)
)) ("C:\Program Files\MiKTeX 2.9\tex\latex\xifthen\xifthen.sty"
Package: xifthen 2015/11/05 v1.4.0 Extended ifthen features
("C:\Program Files\MiKTeX 2.9\tex\latex\tools\calc.sty"
Package: calc 2014/10/28 v4.3 Infix arithmetic (KKT,FJ)
\calc@Acount=\count80
\calc@Bcount=\count81
\calc@Adimen=\dimen102
\calc@Bdimen=\dimen103
\calc@Askip=\skip41
\calc@Bskip=\skip42
LaTeX Info: Redefining \setlength on input line 80.
LaTeX Info: Redefining \addtolength on input line 81.
\calc@Ccount=\count82
\calc@Cskip=\skip43
) ("C:\Program Files\MiKTeX 2.9\tex\latex\base\ifthen.sty"
Package: ifthen 2014/09/29 v1.1c Standard LaTeX ifthen package (DPC)
) ("C:\Program Files\MiKTeX 2.9\tex\latex\ifmtarg\ifmtarg.sty"
Package: ifmtarg 2009/09/02 v1.2a check for an empty argument
)) ("C:\Program Files\MiKTeX 2.9\tex\latex\hardwrap\hardwrap.sty"
Package: hardwrap 2011/02/12 v0.2 Hard wrap messages
("C:\Program Files\MiKTeX 2.9\tex\latex\ifplatform\ifplatform.sty"
Package: ifplatform 2010/10/22 v0.4 Testing for the operating system
("C:\Program Files\MiKTeX 2.9\tex\generic\oberdiek\pdftexcmds.sty"
Package: pdftexcmds 2016/05/21 v0.22 Utility functions of pdfTeX for LuaTeX (HO
)
("C:\Program Files\MiKTeX 2.9\tex\generic\oberdiek\infwarerr.sty"
Package: infwarerr 2016/05/16 v1.4 Providing info/warning/error messages (HO)
) ("C:\Program Files\MiKTeX 2.9\tex\generic\oberdiek\ifluatex.sty"
Package: ifluatex 2016/05/16 v1.4 Provides the ifluatex switch (HO)
Package ifluatex Info: LuaTeX not detected.
) ("C:\Program Files\MiKTeX 2.9\tex\generic\oberdiek\ltxcmds.sty"
Package: ltxcmds 2016/05/16 v1.23 LaTeX kernel commands for general use (HO)
) ("C:\Program Files\MiKTeX 2.9\tex\generic\oberdiek\ifpdf.sty"
Package: ifpdf 2016/05/14 v3.1 Provides the ifpdf switch
)
Package pdftexcmds Info: LuaTeX not detected.
Package pdftexcmds Info: pdfTeX >= 1.30 not detected.
Package pdftexcmds Info: \pdf@primitive is available.
Package pdftexcmds Info: \pdf@ifprimitive is available.
Package pdftexcmds Info: \pdfdraftmode not found.
) ("C:\Program Files\MiKTeX 2.9\tex\generic\oberdiek\catchfile.sty"
Package: catchfile 2016/05/16 v1.7 Catch the contents of a file (HO)
("C:\Program Files\MiKTeX 2.9\tex\generic\oberdiek\etexcmds.sty"
Package: etexcmds 2016/05/16 v1.6 Avoid name clashes with e-TeX commands (HO)
Package etexcmds Info: Could not find \expanded.
(etexcmds)             That can mean that you are not using pdfTeX 1.50 or
(etexcmds)             that some package has redefined \expanded.
(etexcmds)             In the latter case, load this package earlier.
))

Package ifplatform Warning: 
    shell escape is disabled, so I can only detect \ifwindows.

) ("C:\Program Files\MiKTeX 2.9\tex\generic\ifxetex\ifxetex.sty"
Package: ifxetex 2010/09/12 v0.6 Provides ifxetex conditional
)
\hw@charcount=\count83
\hw@wordcount=\count84
\hw@maxprintline=\count85
)
Class tufte-handout Info: Loading the base class `article'
("C:\Program Files\MiKTeX 2.9\tex\latex\base\article.cls"
Document Class: article 2014/09/29 v1.4h Standard LaTeX document class
("C:\Program Files\MiKTeX 2.9\tex\latex\base\size10.clo"
File: size10.clo 2014/09/29 v1.4h Standard LaTeX file (size option)
)
\c@part=\count86
\c@section=\count87
\c@subsection=\count88
\c@subsubsection=\count89
\c@paragraph=\count90
\c@subparagraph=\count91
\c@figure=\count92
\c@table=\count93
\abovecaptionskip=\skip44
\belowcaptionskip=\skip45
\bibindent=\dimen104
) ("C:\Program Files\MiKTeX 2.9\tex\latex\xltxtra\xltxtra.sty"
Package: xltxtra 2016/01/21 v0.6 Improvements for the "XeLaTeX" format
("C:\Program Files\MiKTeX 2.9\tex\latex\fontspec\fontspec.sty" ("C:\Program Fil
es\MiKTeX 2.9\tex\latex\l3kernel\expl3.sty"
Package: expl3 2016/05/18 v6512 L3 programming layer (loader) 
("C:\Program Files\MiKTeX 2.9\tex\latex\l3kernel\expl3-code.tex"
Package: expl3 2016/05/18 v6512 L3 programming layer (code)
L3 Module: l3bootstrap 2016/02/12 v6412 L3 Bootstrap code
L3 Module: l3names 2016/03/11 v6433 L3 Namespace for primitives
L3 Module: l3basics 2015/11/22 v6315 L3 Basic definitions
L3 Module: l3expan 2015/09/10 v5983 L3 Argument expansion
L3 Module: l3tl 2016/03/26 v6465 L3 Token lists
L3 Module: l3str 2016/03/24 v6441 L3 Strings
L3 Module: l3seq 2015/08/05 v5777 L3 Sequences and stacks
L3 Module: l3int 2016/03/24 v6441 L3 Integers
\c_max_int=\count94
\l_tmpa_int=\count95
\l_tmpb_int=\count96
\g_tmpa_int=\count97
\g_tmpb_int=\count98
L3 Module: l3quark 2015/08/17 v5855 L3 Quarks
L3 Module: l3prg 2015/11/01 v6216 L3 Control structures
\g__prg_map_int=\count99
L3 Module: l3clist 2015/09/02 v5901 L3 Comma separated lists
L3 Module: l3token 2016/04/03 v6470 L3 Experimental token manipulation
L3 Module: l3prop 2016/01/05 v6366 L3 Property lists
L3 Module: l3msg 2016/03/26 v6464 L3 Messages
L3 Module: l3file 2016/03/25 v6458 L3 File and I/O operations
\l_iow_line_count_int=\count100
\l__iow_target_count_int=\count101
\l__iow_current_line_int=\count102
\l__iow_current_word_int=\count103
\l__iow_current_indentation_int=\count104
L3 Module: l3skip 2016/01/05 v6366 L3 Dimensions and skips
\c_zero_dim=\dimen105
\c_max_dim=\dimen106
\l_tmpa_dim=\dimen107
\l_tmpb_dim=\dimen108
\g_tmpa_dim=\dimen109
\g_tmpb_dim=\dimen110
\c_zero_skip=\skip46
\c_max_skip=\skip47
\l_tmpa_skip=\skip48
\l_tmpb_skip=\skip49
\g_tmpa_skip=\skip50
\g_tmpb_skip=\skip51
\c_zero_muskip=\muskip10
\c_max_muskip=\muskip11
\l_tmpa_muskip=\muskip12
\l_tmpb_muskip=\muskip13
\g_tmpa_muskip=\muskip14
\g_tmpb_muskip=\muskip15
L3 Module: l3keys 2015/11/17 v6284 L3 Key-value interfaces
\g__keyval_level_int=\count105
\l_keys_choice_int=\count106
L3 Module: l3fp 2016/03/26 v6465 L3 Floating points
\c__fp_leading_shift_int=\count107
\c__fp_middle_shift_int=\count108
\c__fp_trailing_shift_int=\count109
\c__fp_big_leading_shift_int=\count110
\c__fp_big_middle_shift_int=\count111
\c__fp_big_trailing_shift_int=\count112
\c__fp_Bigg_leading_shift_int=\count113
\c__fp_Bigg_middle_shift_int=\count114
\c__fp_Bigg_trailing_shift_int=\count115
L3 Module: l3box 2015/08/09 v5822 L3 Experimental boxes
\c_empty_box=\box26
\l_tmpa_box=\box27
\l_tmpb_box=\box28
\g_tmpa_box=\box29
\g_tmpb_box=\box30
L3 Module: l3coffins 2016/05/17 v6508 L3 Coffin code layer
\l__coffin_internal_box=\box31
\l__coffin_internal_dim=\dimen111
\l__coffin_offset_x_dim=\dimen112
\l__coffin_offset_y_dim=\dimen113
\l__coffin_x_dim=\dimen114
\l__coffin_y_dim=\dimen115
\l__coffin_x_prime_dim=\dimen116
\l__coffin_y_prime_dim=\dimen117
\c_empty_coffin=\box32
\l__coffin_aligned_coffin=\box33
\l__coffin_aligned_internal_coffin=\box34
\l_tmpa_coffin=\box35
\l_tmpb_coffin=\box36
\l__coffin_display_coffin=\box37
\l__coffin_display_coord_coffin=\box38
\l__coffin_display_pole_coffin=\box39
\l__coffin_display_offset_dim=\dimen118
\l__coffin_display_x_dim=\dimen119
\l__coffin_display_y_dim=\dimen120
L3 Module: l3color 2014/08/23 v5354 L3 Experimental color support
L3 Module: l3sys 2015/09/25 v6087 L3 Experimental system/runtime functions
L3 Module: l3candidates 2016/05/13 v6484 L3 Experimental additions to l3kernel
\l__box_top_dim=\dimen121
\l__box_bottom_dim=\dimen122
\l__box_left_dim=\dimen123
\l__box_right_dim=\dimen124
\l__box_top_new_dim=\dimen125
\l__box_bottom_new_dim=\dimen126
\l__box_left_new_dim=\dimen127
\l__box_right_new_dim=\dimen128
\l__box_internal_box=\box40
\l__coffin_bounding_shift_dim=\dimen129
\l__coffin_left_corner_dim=\dimen130
\l__coffin_right_corner_dim=\dimen131
\l__coffin_bottom_corner_dim=\dimen132
\l__coffin_top_corner_dim=\dimen133
\l__coffin_scaled_total_height_dim=\dimen134
\l__coffin_scaled_width_dim=\dimen135
L3 Module: l3luatex 2016/03/26 v6465 L3 Experimental LuaTeX-specific functions
) ("C:\Program Files\MiKTeX 2.9\tex\latex\l3kernel\l3xdvipdfmx.def"
File: l3xdvidpfmx.def 2016/03/26 v6465 L3 Experimental driver: xdvipdfmx
\l__driver_tmp_box=\box41
)) ("C:\Program Files\MiKTeX 2.9\tex\latex\l3packages\xparse\xparse.sty"
Package: xparse 2016/05/18 v6512 L3 Experimental document command parser
\l__xparse_current_arg_int=\count116
\l__xparse_m_args_int=\count117
\l__xparse_mandatory_args_int=\count118
\l__xparse_processor_int=\count119
\l__xparse_v_nesting_int=\count120
)
Package: fontspec 2016/02/01 v2.5a Font selection for XeLaTeX and LuaLaTeX
("C:\Program Files\MiKTeX 2.9\tex\latex\fontspec\fontspec-xetex.sty"
Package: fontspec-xetex 2016/02/01 v2.5a Font selection for XeLaTeX and LuaLaTe
X
\l_fontspec_script_int=\count121
\l_fontspec_language_int=\count122
\l_fontspec_strnum_int=\count123
\l__fontspec_tmpa_dim=\dimen136
\l__fontspec_tmpb_dim=\dimen137
\l__fontspec_tmpc_dim=\dimen138
\g__file_internal_ior=\read1
("C:\Program Files\MiKTeX 2.9\tex\latex\base\fontenc.sty"
Package: fontenc 2016/06/19 v1.99m Standard LaTeX package
("C:\Program Files\MiKTeX 2.9\tex\latex\euenc\eu1enc.def"
File: eu1enc.def 2010/05/27 v0.1h Experimental Unicode font encodings
)
LaTeX Font Info:    Try loading font information for EU1+lmr on input line 105.

("C:\Program Files\MiKTeX 2.9\tex\latex\euenc\eu1lmr.fd"
File: eu1lmr.fd 2009/10/30 v1.6 Font defs for Latin Modern
)) ("C:\Program Files\MiKTeX 2.9\tex\xelatex\xunicode\xunicode.sty"
File: xunicode.sty 2011/09/09 v0.981 provides access to latin accents and many 
other characters in Unicode lower plane
("C:\Program Files\MiKTeX 2.9\tex\latex\tipa\t3enc.def"
File: t3enc.def 2001/12/31 T3 encoding
LaTeX Font Info:    Try loading font information for EU1+lmss on input line 357
.
("C:\Program Files\MiKTeX 2.9\tex\latex\euenc\eu1lmss.fd"
File: eu1lmss.fd 2009/10/30 v1.6 Font defs for Latin Modern
))
\tipaTiiicode=\count124
\tipasavetokens=\toks16
\tipachecktokens=\toks17
("C:\Program Files\MiKTeX 2.9\tex\latex\graphics\graphicx.sty"
Package: graphicx 2014/10/28 v1.0g Enhanced LaTeX Graphics (DPC,SPQR)
("C:\Program Files\MiKTeX 2.9\tex\latex\graphics\graphics.sty"
Package: graphics 2016/07/10 v1.0t Standard LaTeX Graphics (DPC,SPQR)
("C:\Program Files\MiKTeX 2.9\tex\latex\graphics\trig.sty"
Package: trig 2016/01/03 v1.10 sin cos tan (DPC)
) ("C:\Program Files\MiKTeX 2.9\tex\latex\00miktex\graphics.cfg"
File: graphics.cfg 2016/06/04 v1.11 sample graphics configuration
)
Package graphics Info: Driver file: xetex.def on input line 99.
("C:\Program Files\MiKTeX 2.9\tex\latex\graphics-def\xetex.def"
File: xetex.def 2016/07/11 v4.10 LaTeX color/graphics driver for XeTeX (L3/RRM/
JK)
))
\Gin@req@height=\dimen139
\Gin@req@width=\dimen140
))
.................................................
. LaTeX info: "xparse/define-command"
. 
. Defining command \__fontspec_post_arg:w with sig. 'mmO{}' on line 353.
.................................................
.................................................
. LaTeX info: "xparse/define-command"
. 
. Defining command \fontspec with sig. 'om' on line 355.
.................................................
.................................................
. LaTeX info: "xparse/define-command"
. 
. Defining command \setmainfont with sig. 'om' on line 365.
.................................................
.................................................
. LaTeX info: "xparse/define-command"
. 
. Defining command \setsansfont with sig. 'om' on line 375.
.................................................
.................................................
. LaTeX info: "xparse/define-command"
. 
. Defining command \setmonofont with sig. 'om' on line 385.
.................................................
.................................................
. LaTeX info: "xparse/define-command"
. 
. Defining command \setmathrm with sig. 'om' on line 399.
.................................................
.................................................
. LaTeX info: "xparse/define-command"
. 
. Defining command \setboldmathrm with sig. 'om' on line 407.
.................................................
.................................................
. LaTeX info: "xparse/define-command"
. 
. Defining command \setmathsf with sig. 'om' on line 415.
.................................................
.................................................
. LaTeX info: "xparse/define-command"
. 
. Defining command \setmathtt with sig. 'om' on line 423.
.................................................
.................................................
. LaTeX info: "xparse/define-command"
. 
. Defining command \newfontfamily with sig. 'mom' on line 437.
.................................................
.................................................
. LaTeX info: "xparse/define-command"
. 
. Defining command \newfontface with sig. 'mom' on line 453.
.................................................
.................................................
. LaTeX info: "xparse/define-command"
. 
. Defining command \defaultfontfeatures with sig. 't+om' on line 467.
.................................................
.................................................
. LaTeX info: "xparse/define-command"
. 
. Defining command \addfontfeatures with sig. 'm' on line 529.
.................................................
.................................................
. LaTeX info: "xparse/define-command"
. 
. Defining command \newfontfeature with sig. 'mm' on line 540.
.................................................
.................................................
. LaTeX info: "xparse/define-command"
. 
. Defining command \newAATfeature with sig. 'mmmm' on line 548.
.................................................
.................................................
. LaTeX info: "xparse/define-command"
. 
. Defining command \newopentypefeature with sig. 'mmm' on line 556.
.................................................
.................................................
. LaTeX info: "xparse/define-command"
. 
. Defining command \aliasfontfeature with sig. 'mm' on line 577.
.................................................
.................................................
. LaTeX info: "xparse/define-command"
. 
. Defining command \aliasfontfeatureoption with sig. 'mmm' on line 586.
.................................................
.................................................
. LaTeX info: "xparse/define-command"
. 
. Defining command \newfontscript with sig. 'mm' on line 590.
.................................................
.................................................
. LaTeX info: "xparse/define-command"
. 
. Defining command \newfontlanguage with sig. 'mm' on line 594.
.................................................
.................................................
. LaTeX info: "xparse/define-command"
. 
. Defining command \DeclareFontsExtensions with sig. 'm' on line 599.
.................................................
\l__fontspec_tmp_int=\count125
("C:\Program Files\MiKTeX 2.9\tex\latex\fontspec\fontspec.cfg")
LaTeX Info: Redefining \itshape on input line 2705.
LaTeX Info: Redefining \slshape on input line 2710.
LaTeX Info: Redefining \scshape on input line 2715.
LaTeX Info: Redefining \upshape on input line 2720.
\l__fontspec_em_int=\count126
\l__fontspec_emdef_int=\count127
LaTeX Info: Redefining \em on input line 2736.
LaTeX Info: Redefining \emph on input line 2742.
LaTeX Info: Redefining \- on input line 2746.
.................................................
. LaTeX info: "xparse/redefine-command"
. 
. Redefining command \oldstylenums with sig. 'm' on line 2841.
.................................................
.................................................
. LaTeX info: "xparse/define-command"
. 
. Defining command \liningnums with sig. 'm' on line 2845.
.................................................
)) ("C:\Program Files\MiKTeX 2.9\tex\latex\realscripts\realscripts.sty"
Package: realscripts 2016/02/13 v0.3d Access OpenType subscripts and superscrip
ts
.................................................
. LaTeX info: "xparse/define-command"
. 
. Defining command \fakesubscript with sig. 'm' on line 19.
.................................................
.................................................
. LaTeX info: "xparse/define-command"
. 
. Defining command \fakesuperscript with sig. 'm' on line 22.
.................................................
.................................................
. LaTeX info: "xparse/redefine-command"
. 
. Redefining command \textsubscript with sig. 's' on line 25.
.................................................
.................................................
. LaTeX info: "xparse/redefine-command"
. 
. Redefining command \textsuperscript with sig. 's' on line 28.
.................................................
.................................................
. LaTeX info: "xparse/define-command"
. 
. Defining command \realsubscript with sig. 'm' on line 45.
.................................................
.................................................
. LaTeX info: "xparse/define-command"
. 
. Defining command \realsuperscript with sig. 'm' on line 60.
.................................................
.................................................
. LaTeX info: "xparse/define-command"
. 
. Defining command \textsubsuperscript with sig. 'sO{l}mm' on line 138.
.................................................
.................................................
. LaTeX info: "xparse/define-command"
. 
. Defining command \textsupersubscript with sig. 'sO{l}mm' on line 143.
.................................................
\subsupersep=\dimen141
) ("C:\Program Files\MiKTeX 2.9\tex\latex\metalogo\metalogo.sty"
Package: metalogo 2010/05/29 v0.12 Extended TeX logo macros
\xl@everylogo=\toks18
\xl@@everylogo=\toks19
LaTeX Info: Redefining \TeX on input line 193.
LaTeX Info: Redefining \LaTeX on input line 202.
LaTeX Info: Redefining \LaTeXe on input line 219.
)
\l__xetex_show_hyphens_wrapping_box=\box42
\l__xetex_show_hyphens_temp_box=\box43
\l__xetex_show_hyphens_final_box=\box44
\g__xetex_show_hyphens_word_box=\box45
) ("C:\Program Files\MiKTeX 2.9\tex\latex\titlesec\titlesec.sty"
Package: titlesec 2016/03/21 v2.10.2 Sectioning titles
\ttl@box=\box46
\beforetitleunit=\skip52
\aftertitleunit=\skip53
\ttl@plus=\dimen142
\ttl@minus=\dimen143
\ttl@toksa=\toks20
\titlewidth=\dimen144
\titlewidthlast=\dimen145
\titlewidthfirst=\dimen146
) ("C:\Program Files\MiKTeX 2.9\tex\latex\titlesec\titletoc.sty"
Package: titletoc 2011/12/15 v1.6 TOC entries
\ttl@leftsep=\dimen147
) ("C:\Program Files\MiKTeX 2.9\tex\latex\hyperref\hyperref.sty"
Package: hyperref 2016/06/24 v6.83q Hypertext links for LaTeX
("C:\Program Files\MiKTeX 2.9\tex\generic\oberdiek\hobsub-hyperref.sty"
Package: hobsub-hyperref 2016/05/16 v1.14 Bundle oberdiek, subset hyperref (HO)

("C:\Program Files\MiKTeX 2.9\tex\generic\oberdiek\hobsub-generic.sty"
Package: hobsub-generic 2016/05/16 v1.14 Bundle oberdiek, subset generic (HO)
Package: hobsub 2016/05/16 v1.14 Construct package bundles (HO)
Package hobsub Info: Skipping package `infwarerr' (already loaded).
Package hobsub Info: Skipping package `ltxcmds' (already loaded).
Package hobsub Info: Skipping package `ifluatex' (already loaded).
Package: ifvtex 2016/05/16 v1.6 Detect VTeX and its facilities (HO)
Package ifvtex Info: VTeX not detected.
Package: intcalc 2016/05/16 v1.2 Expandable calculations with integers (HO)
Package hobsub Info: Skipping package `ifpdf' (already loaded).
Package hobsub Info: Skipping package `etexcmds' (already loaded).
Package: kvsetkeys 2016/05/16 v1.17 Key value parser (HO)
Package: kvdefinekeys 2016/05/16 v1.4 Define keys (HO)
Package hobsub Info: Skipping package `pdftexcmds' (already loaded).
Package: pdfescape 2016/05/16 v1.14 Implements pdfTeX's escape features (HO)
Package: bigintcalc 2016/05/16 v1.4 Expandable calculations on big integers (HO
)
Package: bitset 2016/05/16 v1.2 Handle bit-vector datatype (HO)
Package: uniquecounter 2016/05/16 v1.3 Provide unlimited unique counter (HO)
)
Package hobsub Info: Skipping package `hobsub' (already loaded).
Package: letltxmacro 2016/05/16 v1.5 Let assignment for LaTeX macros (HO)
Package: hopatch 2016/05/16 v1.3 Wrapper for package hooks (HO)
Package: xcolor-patch 2016/05/16 xcolor patch
Package: atveryend 2016/05/16 v1.9 Hooks at the very end of document (HO)
Package atveryend Info: \enddocument detected (standard20110627).
Package: atbegshi 2016/06/09 v1.18 At begin shipout hook (HO)
Package: refcount 2016/05/16 v3.5 Data extraction from label references (HO)
Package: hycolor 2016/05/16 v1.8 Color options for hyperref/bookmark (HO)
) ("C:\Program Files\MiKTeX 2.9\tex\latex\oberdiek\auxhook.sty"
Package: auxhook 2016/05/16 v1.4 Hooks for auxiliary files (HO)
) ("C:\Program Files\MiKTeX 2.9\tex\latex\oberdiek\kvoptions.sty"
Package: kvoptions 2016/05/16 v3.12 Key value format for package options (HO)
)
\@linkdim=\dimen148
\Hy@linkcounter=\count128
\Hy@pagecounter=\count129
("C:\Program Files\MiKTeX 2.9\tex\latex\hyperref\pd1enc.def"
File: pd1enc.def 2016/06/24 v6.83q Hyperref: PDFDocEncoding definition (HO)
)
\Hy@SavedSpaceFactor=\count130
("C:\Program Files\MiKTeX 2.9\tex\latex\00miktex\hyperref.cfg"
File: hyperref.cfg 2002/06/06 v1.2 hyperref configuration of TeXLive
)
Package hyperref Info: Option `unicode' set `true' on input line 4362.
("C:\Program Files\MiKTeX 2.9\tex\latex\hyperref\puenc.def"
File: puenc.def 2016/06/24 v6.83q Hyperref: PDF Unicode definition (HO)
)
Package hyperref Info: Option `hyperfootnotes' set `false' on input line 4362.
Package hyperref Info: Hyper figures OFF on input line 4486.
Package hyperref Info: Link nesting OFF on input line 4491.
Package hyperref Info: Hyper index ON on input line 4494.
Package hyperref Info: Plain pages OFF on input line 4501.
Package hyperref Info: Backreferencing OFF on input line 4506.
Package hyperref Info: Implicit mode ON; LaTeX internals redefined.
Package hyperref Info: Bookmarks ON on input line 4735.
\c@Hy@tempcnt=\count131
("C:\Program Files\MiKTeX 2.9\tex\latex\url\url.sty"
\Urlmuskip=\muskip16
Package: url 2013/09/16  ver 3.4  Verb mode for urls, etc.
)
LaTeX Info: Redefining \url on input line 5088.
\XeTeXLinkMargin=\dimen149
\Fld@menulength=\count132
\Field@Width=\dimen150
\Fld@charsize=\dimen151
Package hyperref Info: Hyper figures OFF on input line 6342.
Package hyperref Info: Link nesting OFF on input line 6347.
Package hyperref Info: Hyper index ON on input line 6350.
Package hyperref Info: backreferencing OFF on input line 6357.
Package hyperref Info: Link coloring OFF on input line 6362.
Package hyperref Info: Link coloring with OCG OFF on input line 6367.
Package hyperref Info: PDF/A mode OFF on input line 6372.
LaTeX Info: Redefining \ref on input line 6412.
LaTeX Info: Redefining \pageref on input line 6416.
\Hy@abspage=\count133
\c@Item=\count134
)

Package hyperref Message: Driver: hxetex.

("C:\Program Files\MiKTeX 2.9\tex\latex\hyperref\hxetex.def"
File: hxetex.def 2016/06/24 v6.83q Hyperref driver for XeTeX
("C:\Program Files\MiKTeX 2.9\tex\generic\oberdiek\stringenc.sty"
Package: stringenc 2016/05/16 v1.11 Convert strings between diff. encodings (HO
)
)
\pdfm@box=\box47
\c@Hy@AnnotLevel=\count135
\HyField@AnnotCount=\count136
\Fld@listcount=\count137
\c@bookmark@seq@number=\count138
("C:\Program Files\MiKTeX 2.9\tex\latex\oberdiek\rerunfilecheck.sty"
Package: rerunfilecheck 2016/05/16 v1.8 Rerun checks for auxiliary files (HO)
Package rerunfilecheck Info: Feature \pdfmdfivesum is not available
(rerunfilecheck)             (e.g. pdfTeX or LuaTeX with package `pdftexcmds').

(rerunfilecheck)             Therefore file contents cannot be checked efficien
tly
(rerunfilecheck)             and the loading of the package is aborted.
)
\Hy@SectionHShift=\skip54
) ("C:\Program Files\MiKTeX 2.9\tex\latex\ms\ragged2e.sty"
Package: ragged2e 2009/05/21 v2.1 ragged2e Package (MS)
("C:\Program Files\MiKTeX 2.9\tex\latex\ms\everysel.sty"
Package: everysel 2011/10/28 v1.2 EverySelectfont Package (MS)
)
\CenteringLeftskip=\skip55
\RaggedLeftLeftskip=\skip56
\RaggedRightLeftskip=\skip57
\CenteringRightskip=\skip58
\RaggedLeftRightskip=\skip59
\RaggedRightRightskip=\skip60
\CenteringParfillskip=\skip61
\RaggedLeftParfillskip=\skip62
\RaggedRightParfillskip=\skip63
\JustifyingParfillskip=\skip64
\CenteringParindent=\skip65
\RaggedLeftParindent=\skip66
\RaggedRightParindent=\skip67
\JustifyingParindent=\skip68
) ("C:\Program Files\MiKTeX 2.9\tex\latex\geometry\geometry.sty"
Package: geometry 2010/09/12 v5.6 Page Geometry
\Gm@cnth=\count139
\Gm@cntv=\count140
\c@Gm@tempcnt=\count141
\Gm@bindingoffset=\dimen152
\Gm@wd@mp=\dimen153
\Gm@odd@mp=\dimen154
\Gm@even@mp=\dimen155
\Gm@layoutwidth=\dimen156
\Gm@layoutheight=\dimen157
\Gm@layouthoffset=\dimen158
\Gm@layoutvoffset=\dimen159
\Gm@dimlist=\toks21
("C:\Program Files\MiKTeX 2.9\tex\xelatex\xetexconfig\geometry.cfg")) ("C:\Prog
ram Files\MiKTeX 2.9\tex\latex\changepage\changepage.sty"
Package: changepage 2009/10/20 v1.0c check page and change page layout
\c@cp@cntr=\count142
\cp@tempcnt=\count143
)
\@tufte@overhang=\skip69
\@tufte@fullwidth=\skip70
\@tufte@caption@fill=\skip71
("C:\Program Files\MiKTeX 2.9\tex\latex\paralist\paralist.sty"
Package: paralist 2016/08/07 v2.6 Extended list environments
\pltopsep=\skip72
\plpartopsep=\skip73
\plitemsep=\skip74
\plparsep=\skip75
\pl@lab=\toks22
) ("C:\Program Files\MiKTeX 2.9\tex\latex\textcase\textcase.sty"
Package: textcase 2004/10/07 v0.07 Text only upper/lower case changing (DPC)
) ("C:\Program Files\MiKTeX 2.9\tex\latex\soul\soul.sty"
Package: soul 2003/11/17 v2.4 letterspacing/underlining (mf)
\SOUL@word=\toks23
\SOUL@lasttoken=\toks24
\SOUL@cmds=\toks25
\SOUL@buffer=\toks26
\SOUL@token=\toks27
\SOUL@spaceskip=\skip76
\SOUL@ttwidth=\dimen160
\SOUL@uldp=\dimen161
\SOUL@ulht=\dimen162
)
LaTeX Info: Redefining \allcapsspacing on input line 737.
LaTeX Info: Redefining \smallcapsspacing on input line 737.
("C:\Program Files\MiKTeX 2.9\tex\latex\setspace\setspace.sty"
Package: setspace 2011/12/19 v6.7a set line spacing
) ("C:\Program Files\MiKTeX 2.9\tex\latex\xcolor\xcolor.sty"
Package: xcolor 2016/05/11 v2.12 LaTeX color extensions (UK)
("C:\Program Files\MiKTeX 2.9\tex\latex\00miktex\color.cfg"
File: color.cfg 2016/01/02 v1.6 sample color configuration
)
Package xcolor Info: Package option `usenames' ignored on input line 216.
Package xcolor Info: Driver file: xetex.def on input line 225.
Package xcolor Info: Model `cmy' substituted by `cmy0' on input line 1348.
Package xcolor Info: Model `RGB' extended on input line 1364.
Package xcolor Info: Model `HTML' substituted by `rgb' on input line 1366.
Package xcolor Info: Model `Hsb' substituted by `hsb' on input line 1367.
Package xcolor Info: Model `tHsb' substituted by `hsb' on input line 1368.
Package xcolor Info: Model `HSB' substituted by `hsb' on input line 1369.
Package xcolor Info: Model `Gray' substituted by `gray' on input line 1370.
Package xcolor Info: Model `wave' substituted by `hsb' on input line 1371.
("C:\Program Files\MiKTeX 2.9\tex\latex\graphics\dvipsnam.def"
File: dvipsnam.def 2016/06/17 v3.0m Driver-dependent file (DPC,SPQR)
) ("C:\Program Files\MiKTeX 2.9\tex\latex\xcolor\svgnam.def"
File: svgnam.def 2016/05/11 v2.12 Predefined colors according to SVG 1.1 (UK)
)) ("C:\Program Files\MiKTeX 2.9\tex\latex\natbib\natbib.sty"
Package: natbib 2010/09/13 8.31b (PWD, AO)
\bibhang=\skip77
\bibsep=\skip78
LaTeX Info: Redefining \cite on input line 694.
\c@NAT@ctr=\count144
) ("C:\Program Files\MiKTeX 2.9\tex\latex\natbib\bibentry.sty"
Package: bibentry 2007/10/30 1.5 (PWD)
)
No file anintro_chnosz.bbl.
\c@@tufte@num@bibkeys=\count145
("C:\Program Files\MiKTeX 2.9\tex\latex\sauerj\optparams.sty"
Package: optparams 2004/08/14 v0.9 multiple optional parameters in macros
)
\@tufte@sidenote@vertical@offset=\skip79
("C:\Program Files\MiKTeX 2.9\tex\latex\placeins\placeins.sty"
Package: placeins 2005/04/18  v 2.2
)
\@tufte@margin@floatbox=\box48
\@tufte@figure@box=\box49
\@tufte@caption@box=\box50
\@tufte@caption@vertical@offset=\skip80
\@tufte@float@contents@width=\skip81
("C:\Program Files\MiKTeX 2.9\tex\latex\fancyhdr\fancyhdr.sty"
\fancy@headwidth=\skip82
\f@ncyO@elh=\skip83
\f@ncyO@erh=\skip84
\f@ncyO@olh=\skip85
\f@ncyO@orh=\skip86
\f@ncyO@elf=\skip87
\f@ncyO@erf=\skip88
\f@ncyO@olf=\skip89
\f@ncyO@orf=\skip90
)
\tufteskipamount=\skip91
("C:\Program Files\MiKTeX 2.9\tex\latex\tools\multicol.sty"
Package: multicol 2016/04/07 v1.8p multicolumn formatting (FMi)
\c@tracingmulticols=\count146
\mult@box=\box51
\multicol@leftmargin=\dimen163
\c@unbalance=\count147
\c@collectmore=\count148
\doublecol@number=\count149
\multicoltolerance=\count150
\multicolpretolerance=\count151
\full@width=\dimen164
\page@free=\dimen165
\premulticols=\dimen166
\postmulticols=\dimen167
\multicolsep=\skip92
\multicolbaselineskip=\skip93
\partial@page=\box52
\last@line=\box53
\maxbalancingoverflow=\dimen168
\mult@rightbox=\box54
\mult@grightbox=\box55
\mult@gfirstbox=\box56
\mult@firstbox=\box57
\@tempa=\box58
\@tempa=\box59
\@tempa=\box60
\@tempa=\box61
\@tempa=\box62
\@tempa=\box63
\@tempa=\box64
\@tempa=\box65
\@tempa=\box66
\@tempa=\box67
\@tempa=\box68
\@tempa=\box69
\@tempa=\box70
\@tempa=\box71
\@tempa=\box72
\@tempa=\box73
\@tempa=\box74
\c@columnbadness=\count152
\c@finalcolumnbadness=\count153
\last@try=\dimen169
\multicolovershoot=\dimen170
\multicolundershoot=\dimen171
\mult@nat@firstbox=\box75
\colbreak@box=\box76
\mc@col@check@num=\count154
))) ("C:\Program Files\MiKTeX 2.9\tex\latex\amsfonts\amssymb.sty"
Package: amssymb 2013/01/14 v3.01 AMS font symbols
("C:\Program Files\MiKTeX 2.9\tex\latex\amsfonts\amsfonts.sty"
Package: amsfonts 2013/01/14 v3.01 Basic AMSFonts support
\@emptytoks=\toks28
\symAMSa=\mathgroup4
\symAMSb=\mathgroup5
LaTeX Font Info:    Overwriting math alphabet `\mathfrak' in version `bold'
(Font)                  U/euf/m/n --> U/euf/b/n on input line 106.
)) ("C:\Program Files\MiKTeX 2.9\tex\latex\amsmath\amsmath.sty"
Package: amsmath 2016/06/28 v2.15d AMS math features
\@mathmargin=\skip94
For additional information on amsmath, use the `?' option.
("C:\Program Files\MiKTeX 2.9\tex\latex\amsmath\amstext.sty"
Package: amstext 2000/06/29 v2.01 AMS text
("C:\Program Files\MiKTeX 2.9\tex\latex\amsmath\amsgen.sty"
File: amsgen.sty 1999/11/30 v2.0 generic functions
\@emptytoks=\toks29
\ex@=\dimen172
)) ("C:\Program Files\MiKTeX 2.9\tex\latex\amsmath\amsbsy.sty"
Package: amsbsy 1999/11/29 v1.2d Bold Symbols
\pmbraise@=\dimen173
) ("C:\Program Files\MiKTeX 2.9\tex\latex\amsmath\amsopn.sty"
Package: amsopn 2016/03/08 v2.02 operator names
)
\inf@bad=\count155
LaTeX Info: Redefining \frac on input line 199.
\uproot@=\count156
\leftroot@=\count157
LaTeX Info: Redefining \overline on input line 297.
\classnum@=\count158
\DOTSCASE@=\count159
LaTeX Info: Redefining \ldots on input line 394.
LaTeX Info: Redefining \dots on input line 397.
LaTeX Info: Redefining \cdots on input line 518.
\Mathstrutbox@=\box77
\strutbox@=\box78
\big@size=\dimen174
LaTeX Font Info:    Redeclaring font encoding OML on input line 634.
LaTeX Font Info:    Redeclaring font encoding OMS on input line 635.
\macc@depth=\count160
\c@MaxMatrixCols=\count161
\dotsspace@=\muskip17
\c@parentequation=\count162
\dspbrk@lvl=\count163
\tag@help=\toks30
\row@=\count164
\column@=\count165
\maxfields@=\count166
\andhelp@=\toks31
\eqnshift@=\dimen175
\alignsep@=\dimen176
\tagshift@=\dimen177
\tagwidth@=\dimen178
\totwidth@=\dimen179
\lineht@=\dimen180
\@envbody=\toks32
\multlinegap=\skip95
\multlinetaggap=\skip96
\mathdisplay@stack=\toks33
LaTeX Info: Redefining \[ on input line 2739.
LaTeX Info: Redefining \] on input line 2740.
) ("C:\Program Files\MiKTeX 2.9\tex\latex\base\fixltx2e.sty"
Package: fixltx2e 2015/06/22 v2.0b fixes to LaTeX (obsolete)

Package fixltx2e Warning: fixltx2e is not required with releases after 2015
(fixltx2e)                All fixes are now in the LaTeX kernel.
(fixltx2e)                See the latexrelease package for details.

) ("C:\Program Files\MiKTeX 2.9\tex\latex\booktabs\booktabs.sty"
Package: booktabs 2005/04/14 v1.61803 publication quality tables
\heavyrulewidth=\dimen181
\lightrulewidth=\dimen182
\cmidrulewidth=\dimen183
\belowrulesep=\dimen184
\belowbottomsep=\dimen185
\aboverulesep=\dimen186
\abovetopsep=\dimen187
\cmidrulesep=\dimen188
\cmidrulekern=\dimen189
\defaultaddspace=\dimen190
\@cmidla=\count167
\@cmidlb=\count168
\@aboverulesep=\dimen191
\@belowrulesep=\dimen192
\@thisruleclass=\count169
\@lastruleclass=\count170
\@thisrulewidth=\dimen193
) ("C:\Program Files\MiKTeX 2.9\tex\latex\units\units.sty"
Package: units 1998/08/04 v0.9b Typesetting units
("C:\Program Files\MiKTeX 2.9\tex\latex\units\nicefrac.sty"
Package: nicefrac 1998/08/04 v0.9b Nice fractions
\L@UnitsRaiseDisplaystyle=\skip97
\L@UnitsRaiseTextstyle=\skip98
\L@UnitsRaiseScriptstyle=\skip99
)) ("C:\Program Files\MiKTeX 2.9\tex\latex\fancyvrb\fancyvrb.sty"
Package: fancyvrb 2008/02/07

Style option: `fancyvrb' v2.7a, with DG/SPQR fixes, and firstline=lastline fix 
<2008/02/07> (tvz)
\FV@CodeLineNo=\count171
\FV@InFile=\read2
\FV@TabBox=\box79
\c@FancyVerbLine=\count172
\FV@StepNumber=\count173
\FV@OutFile=\write3
) ("C:\Program Files\MiKTeX 2.9\tex\latex\ulem\ulem.sty"
\UL@box=\box80
\UL@hyphenbox=\box81
\UL@skip=\skip100
\UL@hook=\toks34
\UL@height=\dimen194
\UL@pe=\count174
\UL@pixel=\dimen195
\ULC@box=\box82
Package: ulem 2012/05/18
\ULdepth=\dimen196
) ("C:\Program Files\MiKTeX 2.9\tex\latex\morefloats\morefloats.sty"
Package: morefloats 2015/07/22 v1.0h Raise limit of unprocessed floats (HMM)
Package morefloats Info: Maximum number of possible floats asked for: 36
(morefloats)             (i.e. 18 more floats).
(morefloats)             LaTeX might run out of memory before this
(morefloats)             (in which case it will notify you).
)

Package hyperref Warning: Token not allowed in a PDF string (Unicode):
(hyperref)                removing `\href ' on input line 106.

No file anintro_chnosz.aux.
\openout1 = `anintro_chnosz.aux'.

LaTeX Font Info:    Checking defaults for OML/cmm/m/it on input line 111.
LaTeX Font Info:    ... okay on input line 111.
LaTeX Font Info:    Checking defaults for T1/cmr/m/n on input line 111.
LaTeX Font Info:    ... okay on input line 111.
LaTeX Font Info:    Checking defaults for OT1/cmr/m/n on input line 111.
LaTeX Font Info:    ... okay on input line 111.
LaTeX Font Info:    Checking defaults for OMS/cmsy/m/n on input line 111.
LaTeX Font Info:    ... okay on input line 111.
LaTeX Font Info:    Checking defaults for OMX/cmex/m/n on input line 111.
LaTeX Font Info:    ... okay on input line 111.
LaTeX Font Info:    Checking defaults for U/cmr/m/n on input line 111.
LaTeX Font Info:    ... okay on input line 111.
LaTeX Font Info:    Checking defaults for EU1/lmr/m/n on input line 111.
LaTeX Font Info:    ... okay on input line 111.
LaTeX Font Info:    Checking defaults for T3/cmr/m/n on input line 111.
LaTeX Font Info:    Try loading font information for T3+cmr on input line 111.
("C:\Program Files\MiKTeX 2.9\tex\latex\tipa\t3cmr.fd"
File: t3cmr.fd 2001/12/31 TIPA font definitions
)
LaTeX Font Info:    ... okay on input line 111.
LaTeX Font Info:    Checking defaults for PD1/pdf/m/n on input line 111.
LaTeX Font Info:    ... okay on input line 111.
LaTeX Font Info:    Checking defaults for PU/pdf/m/n on input line 111.
LaTeX Font Info:    ... okay on input line 111.
.................................................
. fontspec info: "setup-math"
. 
. Adjusting the maths setup (use [no-math] to avoid this).
.................................................
\symlegacymaths=\mathgroup6
LaTeX Font Info:    Overwriting symbol font `legacymaths' in version `bold'
(Font)                  OT1/cmr/m/n --> OT1/cmr/bx/n on input line 111.
LaTeX Font Info:    Redeclaring math accent \acute on input line 111.
LaTeX Font Info:    Redeclaring math accent \grave on input line 111.
LaTeX Font Info:    Redeclaring math accent \ddot on input line 111.
LaTeX Font Info:    Redeclaring math accent \tilde on input line 111.
LaTeX Font Info:    Redeclaring math accent \bar on input line 111.
LaTeX Font Info:    Redeclaring math accent \breve on input line 111.
LaTeX Font Info:    Redeclaring math accent \check on input line 111.
LaTeX Font Info:    Redeclaring math accent \hat on input line 111.
LaTeX Font Info:    Redeclaring math accent \dot on input line 111.
LaTeX Font Info:    Redeclaring math accent \mathring on input line 111.
LaTeX Font Info:    Redeclaring math symbol \Gamma on input line 111.
LaTeX Font Info:    Redeclaring math symbol \Delta on input line 111.
LaTeX Font Info:    Redeclaring math symbol \Theta on input line 111.
LaTeX Font Info:    Redeclaring math symbol \Lambda on input line 111.
LaTeX Font Info:    Redeclaring math symbol \Xi on input line 111.
LaTeX Font Info:    Redeclaring math symbol \Pi on input line 111.
LaTeX Font Info:    Redeclaring math symbol \Sigma on input line 111.
LaTeX Font Info:    Redeclaring math symbol \Upsilon on input line 111.
LaTeX Font Info:    Redeclaring math symbol \Phi on input line 111.
LaTeX Font Info:    Redeclaring math symbol \Psi on input line 111.
LaTeX Font Info:    Redeclaring math symbol \Omega on input line 111.
LaTeX Font Info:    Redeclaring math symbol \mathdollar on input line 111.
LaTeX Font Info:    Redeclaring symbol font `operators' on input line 111.
LaTeX Font Info:    Encoding `OT1' has changed to `EU1' for symbol font
(Font)              `operators' in the math version `normal' on input line 111.

LaTeX Font Info:    Overwriting symbol font `operators' in version `normal'
(Font)                  OT1/cmr/m/n --> EU1/lmr/m/n on input line 111.
LaTeX Font Info:    Encoding `OT1' has changed to `EU1' for symbol font
(Font)              `operators' in the math version `bold' on input line 111.
LaTeX Font Info:    Overwriting symbol font `operators' in version `bold'
(Font)                  OT1/cmr/bx/n --> EU1/lmr/m/n on input line 111.
LaTeX Font Info:    Overwriting symbol font `operators' in version `normal'
(Font)                  EU1/lmr/m/n --> EU1/lmr/m/n on input line 111.
LaTeX Font Info:    Overwriting math alphabet `\mathit' in version `normal'
(Font)                  OT1/cmr/m/it --> EU1/lmr/m/it on input line 111.
LaTeX Font Info:    Overwriting math alphabet `\mathbf' in version `normal'
(Font)                  OT1/cmr/bx/n --> EU1/lmr/bx/n on input line 111.
LaTeX Font Info:    Overwriting math alphabet `\mathsf' in version `normal'
(Font)                  OT1/cmss/m/n --> EU1/lmss/m/n on input line 111.
LaTeX Font Info:    Overwriting math alphabet `\mathtt' in version `normal'
(Font)                  OT1/cmtt/m/n --> EU1/lmtt/m/n on input line 111.
LaTeX Font Info:    Overwriting symbol font `operators' in version `bold'
(Font)                  EU1/lmr/m/n --> EU1/lmr/bx/n on input line 111.
LaTeX Font Info:    Overwriting math alphabet `\mathit' in version `bold'
(Font)                  OT1/cmr/bx/it --> EU1/lmr/bx/it on input line 111.
LaTeX Font Info:    Overwriting math alphabet `\mathsf' in version `bold'
(Font)                  OT1/cmss/bx/n --> EU1/lmss/bx/n on input line 111.
LaTeX Font Info:    Overwriting math alphabet `\mathtt' in version `bold'
(Font)                  OT1/cmtt/m/n --> EU1/lmtt/bx/n on input line 111.
\AtBeginShipoutBox=\box83
Package hyperref Info: Link coloring OFF on input line 111.
("C:\Program Files\MiKTeX 2.9\tex\latex\hyperref\nameref.sty"
Package: nameref 2016/05/21 v2.44 Cross-referencing by name of section
("C:\Program Files\MiKTeX 2.9\tex\generic\oberdiek\gettitlestring.sty"
Package: gettitlestring 2016/05/16 v1.5 Cleanup title references (HO)
)
\c@section@level=\count175
)
LaTeX Info: Redefining \ref on input line 111.
LaTeX Info: Redefining \pageref on input line 111.
LaTeX Info: Redefining \nameref on input line 111.
\@outlinefile=\write4
\openout4 = `anintro_chnosz.out'.


Package hyperref Warning: Rerun to get /PageLabels entry.

ABD: EverySelectfont initializing macros
LaTeX Info: Redefining \selectfont on input line 111.
*geometry* detected driver: pdftex
*geometry* verbose mode - [ preamble ] result:
* driver: pdftex
* paper: letterpaper
* layout: <same size as paper>
* layoutoffset:(h,v)=(0.0pt,0.0pt)
* modes: twoside asymmetric 
* h-part:(L,W,R)=(72.26999pt, 312.0pt, 230.02501pt)
* v-part:(T,H,B)=(72.26999pt, 616.0pt, 106.7pt)
* \paperwidth=614.295pt
* \paperheight=794.96999pt
* \textwidth=312.0pt
* \textheight=616.0pt
* \oddsidemargin=0.0pt
* \evensidemargin=0.0pt
* \topmargin=-42.0pt
* \headheight=14.0pt
* \headsep=28.0pt
* \topskip=10.0pt
* \footskip=30.0pt
* \marginparwidth=144.0pt
* \marginparsep=24.0pt
* \columnsep=10.0pt
* \skip\footins=9.0pt plus 4.0pt minus 2.0pt
* \hoffset=0.0pt
* \voffset=0.0pt
* \mag=1000
* \@twocolumnfalse
* \@twosidetrue
* \@mparswitchfalse
* \@reversemarginfalse
* (1in=72.27pt=25.4mm, 1cm=28.453pt)

\langwohyphens=\language75
LaTeX Font Info:    Try loading font information for U+msa on input line 150.
("C:\Program Files\MiKTeX 2.9\tex\latex\amsfonts\umsa.fd"
File: umsa.fd 2013/01/14 v3.01 AMS symbols A
)
LaTeX Font Info:    Try loading font information for U+msb on input line 150.
("C:\Program Files\MiKTeX 2.9\tex\latex\amsfonts\umsb.fd"
File: umsb.fd 2013/01/14 v3.01 AMS symbols B
)
LaTeX Font Info:    Try loading font information for EU1+lmtt on input line 153
.
("C:\Program Files\MiKTeX 2.9\tex\latex\euenc\eu1lmtt.fd"
File: eu1lmtt.fd 2009/10/30 v1.6 Font defs for Latin Modern
)
LaTeX Font Info:    Font shape `EU1/lmtt/bx/n' in size <10> not available
(Font)              Font shape `EU1/lmtt/b/n' tried instead on input line 154.
[1

]

Package natbib Warning: Citation `Dic08' on page 2 undefined on input line 205.


File: CHNOSZ.png Graphic file (type QTm)
<use  "CHNOSZ.png" >
*************************************************
* fontspec warning: "addfontfeatures-ignored"
* 
* \addfontfeature(s) ignored on line 260; it cannot be used with a font that
* wasn't selected by a fontspec command.
* 
* The current font is "\EU1/lmr/m/n/10 ".
* The requested feature is "LetterSpace=10".
*************************************************
[2]
Overfull \hbox (113.25pt too wide) in paragraph at lines 325--325
[]\EU1/lmtt/m/n/10 ##         name abbrv formula state        ref1  ref2      d
ate     G     H     S[] 
 []


Overfull \hbox (113.25pt too wide) in paragraph at lines 325--325
[]\EU1/lmtt/m/n/10 ## 1675 adenine  <NA>  C5H5N5    aq LH06a [S07] LCT17 26.Jul
.17 74770 31235 53.41[] 
 []


Overfull \hbox (3.0pt too wide) in paragraph at lines 325--325
[]\EU1/lmtt/m/n/10 ##         Cp    V    a1 a2     a3 a4    c1     c2   omega Z
[] 
 []


Overfull \hbox (3.0pt too wide) in paragraph at lines 325--325
[]\EU1/lmtt/m/n/10 ## 1675 51.63 90.6 2.353  0 -17.75  0 48.54 -33180 -109300 0
[] 
 []

*************************************************
* fontspec warning: "addfontfeatures-ignored"
* 
* \addfontfeature(s) ignored on line 352; it cannot be used with a font that
* wasn't selected by a fontspec command.
* 
* The current font is "\EU1/lmr/m/n/10 ".
* The requested feature is "LetterSpace=10".
*************************************************
[3]
File: anintro_chnosz_files/figure-latex/bsad_adenine-1.pdf Graphic file (type Q
Tm)
<use  "anintro_chnosz_files/figure-latex/bsad_adenine-1.pdf" >
Overfull \hbox (66.0pt too wide) in paragraph at lines 380--380
[]\EU1/lmtt/m/n/10 ##     T       P      rho     logK     G       H       S    
   V      Cp[] 
 []


Overfull \hbox (66.0pt too wide) in paragraph at lines 380--380
[]\EU1/lmtt/m/n/10 ## 1 100 1.01322 0.958393 -41.1609 70279 35542.8 66.2548 98.
5326 62.4799[] 
 []

File: anintro_chnosz_files/figure-latex/equil_adenine-1.pdf Graphic file (type 
QTm)
<use  "anintro_chnosz_files/figure-latex/equil_adenine-1.pdf" >

LaTeX Warning: Marginpar on page 4 moved.

*************************************************
* fontspec warning: "addfontfeatures-ignored"
* 
* \addfontfeature(s) ignored on line 436; it cannot be used with a font that
* wasn't selected by a fontspec command.
* 
* The current font is "\EU1/lmr/m/n/10 ".
* The requested feature is "LetterSpace=10".
*************************************************
[4]
Overfull \hbox (118.5pt too wide) in paragraph at lines 476--476
[]\EU1/lmtt/m/n/10 ##        name abbrv formula state       ref1 ref2      date
     G      H  S    Cp[] 
 []


Overfull \hbox (118.5pt too wide) in paragraph at lines 476--476
[]\EU1/lmtt/m/n/10 ## 859 methane  <NA>     CH4    aq PS01 [S07] <NA> 04.Oct.00
 -8140 -20930 21 60.23[] 
 []


Overfull \hbox (108.0pt too wide) in paragraph at lines 495--495
[]\EU1/lmtt/m/n/10 ##    name abbrv formula state ref1 ref2      date  G  H  S 
Cp  V  a  b  c  d  e[] 
 []


Overfull \hbox (108.0pt too wide) in paragraph at lines 495--495
[]\EU1/lmtt/m/n/10 ## 1 water  <NA>     H2O   liq <NA> <NA> 25.Oct.06 NA NA NA 
NA NA NA NA NA NA NA[] 
 []

*************************************************
* fontspec warning: "addfontfeatures-ignored"
* 
* \addfontfeature(s) ignored on line 517; it cannot be used with a font that
* wasn't selected by a fontspec command.
* 
* The current font is "\EU1/lmr/m/n/10 ".
* The requested feature is "LetterSpace=10".
*************************************************
[5]

Package natbib Warning: Citation `JOH92' on page 6 undefined on input line 619.


*************************************************
* fontspec warning: "addfontfeatures-ignored"
* 
* \addfontfeature(s) ignored on line 624; it cannot be used with a font that
* wasn't selected by a fontspec command.
* 
* The current font is "\EU1/lmr/m/n/10 ".
* The requested feature is "LetterSpace=10".
*************************************************
[6]
Overfull \hbox (113.25pt too wide) in paragraph at lines 652--652
[]\EU1/lmtt/m/n/10 ##         T         P      rho    logK        G        H   
    S       V      Cp[] 
 []


Overfull \hbox (113.25pt too wide) in paragraph at lines 652--652
[]\EU1/lmtt/m/n/10 ## 1    0.01   1.00000 0.999829 45.0353 -56289.5 -68767.7 15
.1324 18.0183 18.2056[] 
 []


Overfull \hbox (113.25pt too wide) in paragraph at lines 652--652
[]\EU1/lmtt/m/n/10 ## 2   25.00   1.00000 0.997061 41.5525 -56687.7 -68316.8 16
.7123 18.0683 18.0116[] 
 []


Overfull \hbox (113.25pt too wide) in paragraph at lines 652--652
[]\EU1/lmtt/m/n/10 ## 3   50.00   1.00000 0.988030 38.6328 -57123.9 -67866.5 18
.1623 18.2335 18.0046[] 
 []


Overfull \hbox (113.25pt too wide) in paragraph at lines 652--652
[]\EU1/lmtt/m/n/10 ## 4   75.00   1.00000 0.974864 36.1544 -57594.9 -67416.1 19
.5048 18.4797 18.0416[] 
 []


Overfull \hbox (113.25pt too wide) in paragraph at lines 652--652
[]\EU1/lmtt/m/n/10 ## 5  100.00   1.01322 0.958393 34.0270 -58098.4 -66963.8 20
.7596 18.7973 18.1579[] 
 []


Overfull \hbox (113.25pt too wide) in paragraph at lines 652--652
[]\EU1/lmtt/m/n/10 ## 6  125.00   2.32014 0.939073 32.1832 -58631.7 -66507.3 21
.9419 19.1840 18.3333[] 
 []


Overfull \hbox (113.25pt too wide) in paragraph at lines 652--652
[]\EU1/lmtt/m/n/10 ## 7  150.00   4.75717 0.917058 30.5718 -59193.3 -66045.6 23
.0640 19.6446 18.5664[] 
 []


Overfull \hbox (113.25pt too wide) in paragraph at lines 652--652
[]\EU1/lmtt/m/n/10 ## 8  175.00   8.91805 0.892343 29.1531 -59781.4 -65576.6 24
.1360 20.1887 18.8830[] 
 []


Overfull \hbox (113.25pt too wide) in paragraph at lines 652--652
[]\EU1/lmtt/m/n/10 ## 9  200.00  15.53650 0.864743 27.8960 -60394.5 -65098.0 25
.1682 20.8330 19.3288[] 
 []


Overfull \hbox (113.25pt too wide) in paragraph at lines 652--652
[]\EU1/lmtt/m/n/10 ## 10 225.00  25.47860 0.833873 26.7753 -61031.2 -64605.9 26
.1712 21.6042 19.9704[] 
 []


Overfull \hbox (113.25pt too wide) in paragraph at lines 652--652
[]\EU1/lmtt/m/n/10 ## 11 250.00  39.73649 0.799072 25.7711 -61690.3 -64095.0 27
.1569 22.5452 20.9123[] 
 []


Overfull \hbox (113.25pt too wide) in paragraph at lines 652--652
[]\EU1/lmtt/m/n/10 ## 12 275.00  59.43125 0.759236 24.8670 -62370.7 -63557.5 28
.1400 23.7281 22.3513[] 
 []


Overfull \hbox (113.25pt too wide) in paragraph at lines 652--652
[]\EU1/lmtt/m/n/10 ## 13 300.00  85.83784 0.712408 24.0494 -63071.1 -62980.9 29
.1407 25.2878 24.7394[] 
 []


Overfull \hbox (113.25pt too wide) in paragraph at lines 652--652
[]\EU1/lmtt/m/n/10 ## 14 325.00 120.45757 0.654577 23.3072 -63790.8 -62341.4 30
.1952 27.5219 29.4475[] 
 []


Overfull \hbox (113.25pt too wide) in paragraph at lines 652--652
[]\EU1/lmtt/m/n/10 ## 15 350.00 165.21129 0.574688 22.6310 -64528.9 -61575.6 31
.3971 31.3478 43.5985[] 
 []


Overfull \hbox (71.25pt too wide) in paragraph at lines 699--699
[]\EU1/lmtt/m/n/10 ##     T   P       rho    logK        G        H       S    
    V      Cp[] 
 []


Overfull \hbox (71.25pt too wide) in paragraph at lines 699--699
[]\EU1/lmtt/m/n/10 ## 1 400 200 0.1005447 21.5271 -66306.4 -56639.3 39.0387 179
.1760 27.4305[] 
 []


Overfull \hbox (71.25pt too wide) in paragraph at lines 699--699
[]\EU1/lmtt/m/n/10 ## 2 500 200 0.0677109 19.8868 -70353.7 -54819.8 41.5776 266
.0607 14.0774[] 
 []

*************************************************
* fontspec warning: "addfontfeatures-ignored"
* 
* \addfontfeature(s) ignored on line 699; it cannot be used with a font that
* wasn't selected by a fontspec command.
* 
* The current font is "\EU1/lmr/m/n/10 ".
* The requested feature is "LetterSpace=10".
*************************************************
[7]
Overfull \hbox (71.25pt too wide) in paragraph at lines 699--699
[]\EU1/lmtt/m/n/10 ## 3 600 200 0.0550386 18.6704 -74593.1 -53540.0 43.1368 327
.3197 11.9607[] 
 []


Overfull \hbox (71.25pt too wide) in paragraph at lines 699--699
[]\EU1/lmtt/m/n/10 ## 4 400 400 0.5236661 21.4119 -65951.4 -60454.4 32.8438  34
.4021 37.5317[] 
 []


Overfull \hbox (71.25pt too wide) in paragraph at lines 699--699
[]\EU1/lmtt/m/n/10 ## 5 500 400 0.1779739 19.6639 -69565.0 -56252.5 38.7044 101
.2238 24.9675[] 
 []


Overfull \hbox (71.25pt too wide) in paragraph at lines 699--699
[]\EU1/lmtt/m/n/10 ## 6 600 400 0.1238075 18.4124 -73562.4 -54361.7 41.0152 145
.5098 15.4901[] 
 []


Overfull \hbox (71.25pt too wide) in paragraph at lines 699--699
[]\EU1/lmtt/m/n/10 ## 7 400 600 0.6124511 21.3631 -65801.3 -60832.4 32.0592  29
.4149 25.8810[] 
 []


Overfull \hbox (71.25pt too wide) in paragraph at lines 699--699
[]\EU1/lmtt/m/n/10 ## 8 500 600 0.3384430 19.5660 -69218.6 -57694.2 36.3916  53
.2296 32.4385[] 
 []


Overfull \hbox (71.25pt too wide) in paragraph at lines 699--699
[]\EU1/lmtt/m/n/10 ## 9 600 600 0.2071976 18.2784 -73027.2 -55195.1 39.4479  86
.9469 19.3763[] 
 []

File: anintro_chnosz_files/figure-latex/subcrt_water_plot-1.pdf Graphic file (t
ype QTm)
<use  "anintro_chnosz_files/figure-latex/subcrt_water_plot-1.pdf" >
Overfull \hbox (0.53001pt too wide) in paragraph at lines 719--724
\EU1/lmr/m/n/10 can be used to change the units used by various functions in CH
NOSZ. 
 []

*************************************************
* fontspec warning: "addfontfeatures-ignored"
* 
* \addfontfeature(s) ignored on line 772; it cannot be used with a font that
* wasn't selected by a fontspec command.
* 
* The current font is "\EU1/lmr/m/n/10 ".
* The requested feature is "LetterSpace=10".
*************************************************
[8]
Overfull \hbox (118.5pt too wide) in paragraph at lines 800--800
[]\EU1/lmtt/m/n/10 ##        T        P      rho     logK       G         H    
     S       V      Cp[] 
 []


Overfull \hbox (118.5pt too wide) in paragraph at lines 800--800
[]\EU1/lmtt/m/n/10 ## 1   0.01  1.00000 0.999829 -1.10873 1385.80 -5907.949 -26
.70130 23.6978 49.1458[] 
 []


Overfull \hbox (118.5pt too wide) in paragraph at lines 800--800
[]\EU1/lmtt/m/n/10 ## 2  50.00  1.00000 0.988030 -1.71865 2541.27 -3947.724 -20
.08036 36.9843 34.6260[] 
 []


Overfull \hbox (118.5pt too wide) in paragraph at lines 800--800
[]\EU1/lmtt/m/n/10 ## 3 100.00  1.01322 0.958393 -2.00354 3420.89 -2271.995 -15
.25623 41.5584 33.0446[] 
 []


Overfull \hbox (118.5pt too wide) in paragraph at lines 800--800
[]\EU1/lmtt/m/n/10 ## 4 150.00  4.75717 0.917058 -2.10770 4080.94  -596.111 -11
.05290 44.5642 34.3421[] 
 []


Overfull \hbox (118.5pt too wide) in paragraph at lines 800--800
[]\EU1/lmtt/m/n/10 ## 5 200.00 15.53650 0.864743 -2.09920 4544.74  1228.815  -7
.00814 47.9553 39.3857[] 
 []


Overfull \hbox (118.5pt too wide) in paragraph at lines 800--800
[]\EU1/lmtt/m/n/10 ## 6 250.00 39.73649 0.799072 -2.01184 4815.90  3513.101  -2
.49026 54.3882 55.7180[] 
 []


Package natbib Warning: Citation `MSS13' on page 9 undefined on input line 802.


File: anintro_chnosz_files/figure-latex/CO2_plot-1.pdf Graphic file (type QTm)
<use  "anintro_chnosz_files/figure-latex/CO2_plot-1.pdf" >
Overfull \hbox (9.93002pt too wide) in paragraph at lines 821--824
[]\EU1/lmr/m/n/10 Now we can make the plot, using Rs \EU1/lmtt/m/n/10 matplot(
)\EU1/lmr/m/n/10 . Here, \EU1/lmtt/m/n/10 axis.label() 
 []

*************************************************
* fontspec warning: "addfontfeatures-ignored"
* 
* \addfontfeature(s) ignored on line 842; it cannot be used with a font that
* wasn't selected by a fontspec command.
* 
* The current font is "\EU1/lmr/m/n/10 ".
* The requested feature is "LetterSpace=10".
*************************************************
[9]
*************************************************
* fontspec warning: "addfontfeatures-ignored"
* 
* \addfontfeature(s) ignored on line 909; it cannot be used with a font that
* wasn't selected by a fontspec command.
* 
* The current font is "\EU1/lmr/m/n/10 ".
* The requested feature is "LetterSpace=10".
*************************************************
[10]
File: anintro_chnosz_files/figure-latex/describe_reaction_plot-1.pdf Graphic fi
le (type QTm)
<use  "anintro_chnosz_files/figure-latex/describe_reaction_plot-1.pdf" >
Overfull \hbox (6.42001pt too wide) in paragraph at lines 969--973
[]\EU1/lmr/m/n/10 Thermodynamic models often consider a non-standard state (i.e
. non- 
 []


Package natbib Warning: Citation `MDS_13' on page 11 undefined on input line 98
4.

*************************************************
* fontspec warning: "addfontfeatures-ignored"
* 
* \addfontfeature(s) ignored on line 992; it cannot be used with a font that
* wasn't selected by a fontspec command.
* 
* The current font is "\EU1/lmr/m/n/10 ".
* The requested feature is "LetterSpace=10".
*************************************************
[11]
Overfull \hbox (81.75pt too wide) in paragraph at lines 1009--1009
[]\EU1/lmtt/m/n/10 ##    T  P      rho    logK        G       H       S        
V      Cp  logQ[] 
 []


Overfull \hbox (81.75pt too wide) in paragraph at lines 1009--1009
[]\EU1/lmtt/m/n/10 ## 1 55 50 0.987821 13.5984 -85429.6 18706.9 317.685 -40.133
9 39.2144 10.52[] 
 []


Overfull \hbox (108.0pt too wide) in paragraph at lines 1024--1024
[]\EU1/lmtt/m/n/10 ##    T  P      rho   logK       G       H        S       V 
     Cp logQ       A[] 
 []


Overfull \hbox (108.0pt too wide) in paragraph at lines 1024--1024
[]\EU1/lmtt/m/n/10 ## 1 55 50 0.987821 18.828 -118284 -251807 -407.195 36.4746 
33.4702 15.5 20907.8[] 
 []

File: anintro_chnosz_files/figure-latex/methanogenesis_plot-1.pdf Graphic file 
(type QTm)
<use  "anintro_chnosz_files/figure-latex/methanogenesis_plot-1.pdf" >
*************************************************
* fontspec warning: "addfontfeatures-ignored"
* 
* \addfontfeature(s) ignored on line 1070; it cannot be used with a font that
* wasn't selected by a fontspec command.
* 
* The current font is "\EU1/lmr/m/n/10 ".
* The requested feature is "LetterSpace=10".
*************************************************
[12]

LaTeX Warning: Marginpar on page 13 moved.

*************************************************
* fontspec warning: "addfontfeatures-ignored"
* 
* \addfontfeature(s) ignored on line 1163; it cannot be used with a font that
* wasn't selected by a fontspec command.
* 
* The current font is "\EU1/lmr/m/n/10 ".
* The requested feature is "LetterSpace=10".
*************************************************
[13]
File: anintro_chnosz_files/figure-latex/EhpH_plot-1.pdf Graphic file (type QTm)

<use  "anintro_chnosz_files/figure-latex/EhpH_plot-1.pdf" >

LaTeX Warning: Marginpar on page 14 moved.

File: anintro_chnosz_files/figure-latex/EhpH_plot_color-1.pdf Graphic file (typ
e QTm)
<use  "anintro_chnosz_files/figure-latex/EhpH_plot_color-1.pdf" >
*************************************************
* fontspec warning: "addfontfeatures-ignored"
* 
* \addfontfeature(s) ignored on line 1247; it cannot be used with a font that
* wasn't selected by a fontspec command.
* 
* The current font is "\EU1/lmr/m/n/10 ".
* The requested feature is "LetterSpace=10".
*************************************************
[14]

Package natbib Warning: Citation `CPCC17' on page 15 undefined on input line 12
79.

*************************************************
* fontspec warning: "addfontfeatures-ignored"
* 
* \addfontfeature(s) ignored on line 1309; it cannot be used with a font that
* wasn't selected by a fontspec command.
* 
* The current font is "\EU1/lmr/m/n/10 ".
* The requested feature is "LetterSpace=10".
*************************************************
[15]
File: anintro_chnosz_files/figure-latex/copper_mosaic-1.pdf Graphic file (type 
QTm)
<use  "anintro_chnosz_files/figure-latex/copper_mosaic-1.pdf" >
*************************************************
* fontspec warning: "addfontfeatures-ignored"
* 
* \addfontfeature(s) ignored on line 1370; it cannot be used with a font that
* wasn't selected by a fontspec command.
* 
* The current font is "\EU1/lmr/m/n/10 ".
* The requested feature is "LetterSpace=10".
*************************************************
[16]
File: anintro_chnosz_files/figure-latex/mosaicfun-1.pdf Graphic file (type QTm)

<use  "anintro_chnosz_files/figure-latex/mosaicfun-1.pdf" >

Package natbib Warning: Citation `SC10' on page 17 undefined on input line 1405
.

*************************************************
* fontspec warning: "addfontfeatures-ignored"
* 
* \addfontfeature(s) ignored on line 1415; it cannot be used with a font that
* wasn't selected by a fontspec command.
* 
* The current font is "\EU1/lmr/m/n/10 ".
* The requested feature is "LetterSpace=10".
*************************************************
[17]

LaTeX Warning: Marginpar on page 18 moved.

File: anintro_chnosz_files/figure-latex/rainbow_diagram-1.pdf Graphic file (typ
e QTm)
<use  "anintro_chnosz_files/figure-latex/rainbow_diagram-1.pdf" >

LaTeX Warning: Marginpar on page 18 moved.

*************************************************
* fontspec warning: "addfontfeatures-ignored"
* 
* \addfontfeature(s) ignored on line 1503; it cannot be used with a font that
* wasn't selected by a fontspec command.
* 
* The current font is "\EU1/lmr/m/n/10 ".
* The requested feature is "LetterSpace=10".
*************************************************
[18]
*************************************************
* fontspec warning: "addfontfeatures-ignored"
* 
* \addfontfeature(s) ignored on line 1611; it cannot be used with a font that
* wasn't selected by a fontspec command.
* 
* The current font is "\EU1/lmr/m/n/10 ".
* The requested feature is "LetterSpace=10".
*************************************************
[19]
File: anintro_chnosz_files/figure-latex/demo_buffer_noecho-1.pdf Graphic file (
type QTm)
<use  "anintro_chnosz_files/figure-latex/demo_buffer_noecho-1.pdf" >
Underfull \hbox (badness 1546) in paragraph at lines 1614--1614
\EU1/lmr/m/n/8 Figure 12: Values of 
 []


Overfull \hbox (28.0pt too wide) in paragraph at lines 1614--1614
\EU1/lmr/m/n/8 log<i>f</i><sub>H<sub>2</sub></sub> 
 []


LaTeX Warning: Marginpar on page 20 moved.


Package natbib Warning: Citation `SS95' on page 20 undefined on input line 1630
.

*************************************************
* fontspec warning: "addfontfeatures-ignored"
* 
* \addfontfeature(s) ignored on line 1685; it cannot be used with a font that
* wasn't selected by a fontspec command.
* 
* The current font is "\EU1/lmr/m/n/10 ".
* The requested feature is "LetterSpace=10".
*************************************************
[20]
File: anintro_chnosz_files/figure-latex/bjerrum_diagram-1.pdf Graphic file (typ
e QTm)
<use  "anintro_chnosz_files/figure-latex/bjerrum_diagram-1.pdf" >

LaTeX Warning: Marginpar on page 21 moved.

*************************************************
* fontspec warning: "addfontfeatures-ignored"
* 
* \addfontfeature(s) ignored on line 1758; it cannot be used with a font that
* wasn't selected by a fontspec command.
* 
* The current font is "\EU1/lmr/m/n/10 ".
* The requested feature is "LetterSpace=10".
*************************************************
[21]

Package natbib Warning: Citation `SS98' on page 22 undefined on input line 1761
.

*************************************************
* fontspec warning: "addfontfeatures-ignored"
* 
* \addfontfeature(s) ignored on line 1820; it cannot be used with a font that
* wasn't selected by a fontspec command.
* 
* The current font is "\EU1/lmr/m/n/10 ".
* The requested feature is "LetterSpace=10".
*************************************************
[22]
File: anintro_chnosz_files/figure-latex/groups_diagram-1.pdf Graphic file (type
 QTm)
<use  "anintro_chnosz_files/figure-latex/groups_diagram-1.pdf" >
Overfull \hbox (30.6pt too wide) in paragraph at lines 1890--1890
\EU1/lmr/m/n/8 log<i>f</i><sub>O<sub>2</sub></sub>.  
 []


Package natbib Warning: Citation `Sho90b' on page 23 undefined on input line 18
99.

*************************************************
* fontspec warning: "addfontfeatures-ignored"
* 
* \addfontfeature(s) ignored on line 1904; it cannot be used with a font that
* wasn't selected by a fontspec command.
* 
* The current font is "\EU1/lmr/m/n/10 ".
* The requested feature is "LetterSpace=10".
*************************************************
[23]
File: anintro_chnosz_files/figure-latex/aafun-1.pdf Graphic file (type QTm)
<use  "anintro_chnosz_files/figure-latex/aafun-1.pdf" >
Underfull \hbox (badness 10000) in paragraph at lines 1942--1943

 []

*************************************************
* fontspec warning: "addfontfeatures-ignored"
* 
* \addfontfeature(s) ignored on line 1949; it cannot be used with a font that
* wasn't selected by a fontspec command.
* 
* The current font is "\EU1/lmr/m/n/10 ".
* The requested feature is "LetterSpace=10".
*************************************************
[24]

Package natbib Warning: Citation `MD98' on page 25 undefined on input line 1958
.


Overfull \hbox (6.98001pt too wide) in paragraph at lines 1950--1961
[]\EU1/lmr/m/it/10 Caveat lector\EU1/lmr/m/n/10 . These plots demonstrate some 
possibilities in CHNOSZ 
 []


Package natbib Warning: Citation `HKF81' on page 25 undefined on input line 196
6.


Package natbib Warning: Citation `Alb03' on page 25 undefined on input line 196
8.


Package natbib Warning: Citation `Hel69' on page 25 undefined on input line 197
3.


Package natbib Warning: Citation `MSS13' on page 25 undefined on input line 197
4.

*************************************************
* fontspec warning: "addfontfeatures-ignored"
* 
* \addfontfeature(s) ignored on line 1991; it cannot be used with a font that
* wasn't selected by a fontspec command.
* 
* The current font is "\EU1/lmr/m/n/10 ".
* The requested feature is "LetterSpace=10".
*************************************************
[25]

Package natbib Warning: Citation `Alb96' on page 26 undefined on input line 199
4.

*************************************************
* fontspec warning: "addfontfeatures-ignored"
* 
* \addfontfeature(s) ignored on line 2057; it cannot be used with a font that
* wasn't selected by a fontspec command.
* 
* The current font is "\EU1/lmr/m/n/10 ".
* The requested feature is "LetterSpace=10".
*************************************************
[26]

Package natbib Warning: Citation `LH06a' on page 27 undefined on input line 209
1.


Package natbib Warning: Citation `LH06b' on page 27 undefined on input line 209
1.

*************************************************
* fontspec warning: "addfontfeatures-ignored"
* 
* \addfontfeature(s) ignored on line 2128; it cannot be used with a font that
* wasn't selected by a fontspec command.
* 
* The current font is "\EU1/lmr/m/n/10 ".
* The requested feature is "LetterSpace=10".
*************************************************
[27]
*************************************************
* fontspec warning: "addfontfeatures-ignored"
* 
* \addfontfeature(s) ignored on line 2203; it cannot be used with a font that
* wasn't selected by a fontspec command.
* 
* The current font is "\EU1/lmr/m/n/10 ".
* The requested feature is "LetterSpace=10".
*************************************************
[28]
File: anintro_chnosz_files/figure-latex/ATP-1.pdf Graphic file (type QTm)
<use  "anintro_chnosz_files/figure-latex/ATP-1.pdf" >
Underfull \hbox (badness 10000) in paragraph at lines 2230--2231

 []


Underfull \hbox (badness 1231) in paragraph at lines 2231--2231
\EU1/lmr/m/n/8 Figure 16: Binding of 
 []


Package natbib Warning: Citation `SVI12' on page 29 undefined on input line 224
4.

*************************************************
* fontspec warning: "addfontfeatures-ignored"
* 
* \addfontfeature(s) ignored on line 2252; it cannot be used with a font that
* wasn't selected by a fontspec command.
* 
* The current font is "\EU1/lmr/m/n/10 ".
* The requested feature is "LetterSpace=10".
*************************************************
[29]
Overfull \hbox (102.75pt too wide) in paragraph at lines 2297--2297
[]\EU1/lmtt/m/n/10 ##     protein organism     ref    abbrv chains Ala Cys Asp 
Glu Phe Gly His Ile[] 
 []


Overfull \hbox (102.75pt too wide) in paragraph at lines 2297--2297
[]\EU1/lmtt/m/n/10 ## 6      LYSC    CHICK UniProt   P00698      1  12   8   7 
  2   3  12   1   6[] 
 []


Overfull \hbox (102.75pt too wide) in paragraph at lines 2297--2297
[]\EU1/lmtt/m/n/10 ## 452     SHH    HUMAN UniProt Q15465.N      1  14   3  10 
 14   5  16   6   7[] 
 []


Overfull \hbox (102.75pt too wide) in paragraph at lines 2297--2297
[]\EU1/lmtt/m/n/10 ## 453   OLIG2    HUMAN UniProt   Q13516      1  51   5  10 
 10   5  35  18   7[] 
 []

*************************************************
* fontspec warning: "addfontfeatures-ignored"
* 
* \addfontfeature(s) ignored on line 2303; it cannot be used with a font that
* wasn't selected by a fontspec command.
* 
* The current font is "\EU1/lmr/m/n/10 ".
* The requested feature is "LetterSpace=10".
*************************************************
[30]

Package natbib Warning: Citation `AH00' on page 31 undefined on input line 2341
.


Package natbib Warning: Citation `DLH06' on page 31 undefined on input line 234
1.


Package natbib Warning: Citation `LD12' on page 31 undefined on input line 2341
.


Overfull \hbox (102.75pt too wide) in paragraph at lines 2363--2363
[]\EU1/lmtt/m/n/10 ##        T       P      rho    logK        G         H     
  S       V      Cp[] 
 []


Overfull \hbox (102.75pt too wide) in paragraph at lines 2363--2363
[]\EU1/lmtt/m/n/10 ## 1   0.01 1.00000 0.999829 3217.68 -4021765 -10423733 3685
.29 10049.2 4409.32[] 
 []


Overfull \hbox (102.75pt too wide) in paragraph at lines 2363--2363
[]\EU1/lmtt/m/n/10 ## 2  25.00 1.00000 0.997061 3019.80 -4119738 -10283083 4176
.74 10421.0 6415.52[] 
 []


Overfull \hbox (102.75pt too wide) in paragraph at lines 2363--2363
[]\EU1/lmtt/m/n/10 ## 3  50.00 1.00000 0.988030 2861.40 -4230972 -10113250 4723
.39 10600.2 7073.98[] 
 []


Overfull \hbox (102.75pt too wide) in paragraph at lines 2363--2363
[]\EU1/lmtt/m/n/10 ## 4  75.00 1.00000 0.974864 2734.31 -4355838  -9932209 5262
.87 10708.1 7376.58[] 
 []


Overfull \hbox (102.75pt too wide) in paragraph at lines 2363--2363
[]\EU1/lmtt/m/n/10 ## 5 100.00 1.01322 0.958393 2632.00 -4493930  -9745475 5780
.77 10782.9 7548.44[] 
 []


Overfull \hbox (102.75pt too wide) in paragraph at lines 2363--2363
[]\EU1/lmtt/m/n/10 ## 6 125.00 2.32014 0.939073 2549.29 -4644330  -9554920 6274
.14 10840.9 7665.20[] 
 []


Package natbib Warning: Citation `PM90' on page 31 undefined on input line 2366
.

*************************************************
* fontspec warning: "addfontfeatures-ignored"
* 
* \addfontfeature(s) ignored on line 2370; it cannot be used with a font that
* wasn't selected by a fontspec command.
* 
* The current font is "\EU1/lmr/m/n/10 ".
* The requested feature is "LetterSpace=10".
*************************************************
[31]
File: anintro_chnosz_files/figure-latex/protein_Cp-1.pdf Graphic file (type QTm
)
<use  "anintro_chnosz_files/figure-latex/protein_Cp-1.pdf" >
Overfull \hbox (3.144pt too wide) in paragraph at lines 2372--2372
\EU1/lmr/m/n/8 style=color:blue>?ionize.aa</span>.  
 []


LaTeX Warning: Marginpar on page 32 moved.

File: anintro_chnosz_files/figure-latex/protein_ionization-1.pdf Graphic file (
type QTm)
<use  "anintro_chnosz_files/figure-latex/protein_ionization-1.pdf" >
Overfull \hbox (50.104pt too wide) in paragraph at lines 2428--2428
\EU1/lmr/m/n/8 style=color:blue>demo(ionize)</span>](../demo) 
 []


LaTeX Warning: Marginpar on page 32 moved.

*************************************************
* fontspec warning: "addfontfeatures-ignored"
* 
* \addfontfeature(s) ignored on line 2444; it cannot be used with a font that
* wasn't selected by a fontspec command.
* 
* The current font is "\EU1/lmr/m/n/10 ".
* The requested feature is "LetterSpace=10".
*************************************************
[32]

Package natbib Warning: Citation `Dic14' on page 33 undefined on input line 250
8.

*************************************************
* fontspec warning: "addfontfeatures-ignored"
* 
* \addfontfeature(s) ignored on line 2520; it cannot be used with a font that
* wasn't selected by a fontspec command.
* 
* The current font is "\EU1/lmr/m/n/10 ".
* The requested feature is "LetterSpace=10".
*************************************************
[33]

! LaTeX Error: File `anintro_chnosz_files/figure-latex/rubisco_svg-1' not found
.

See the LaTeX manual or LaTeX Companion for explanation.
Type  H <return>  for immediate help.
 ...                                              
                                                  
l.2522 ...chnosz_files/figure-latex/rubisco_svg-1}
                                                   \caption[Average oxidatio...
 
Here is how much of TeX's memory you used:
 25322 strings out of 428408
 433201 string characters out of 3160625
 500675 words of memory out of 3000000
 28423 multiletter control sequences out of 15000+200000
 6294 words of font info for 47 fonts, out of 3000000 for 9000
 1328 hyphenation exceptions out of 8191
 63i,11n,46p,10411b,503s stack positions out of 5000i,500n,10000p,200000b,50000s
Output written on anintro_chnosz.pdf (33 pages).
